Flutter crash report.
Please report a bug at https://github.com/flutter/flutter/issues.

## command

flutter attach -d 192.168.1.8:41945

## exception

StateError: Bad state: Stream has already been listened to.

```
#0      _StreamController._subscribe (dart:async/stream_controller.dart:695:7)
#1      _ControllerStream._createSubscription (dart:async/stream_controller.dart:854:20)
#2      _StreamImpl.listen (dart:async/stream_impl.dart:516:42)
#3      new _ForwardingStreamSubscription (dart:async/stream_pipe.dart:141:37)
#4      _ForwardingStream._createSubscription (dart:async/stream_pipe.dart:105:16)
#5      _ForwardingStream.listen (dart:async/stream_pipe.dart:96:12)
#6      FlutterDevice.connect (package:flutter_tools/src/resident_runner.dart:244:35)
#7      ResidentRunner.connectToServiceProtocol (package:flutter_tools/src/resident_runner.dart:1309:21)
#8      HotRunner._attach (package:flutter_tools/src/run_hot.dart:255:13)
#9      HotRunner.attach (package:flutter_tools/src/run_hot.dart:240:12)
#10     AttachCommand._attachToDevice (package:flutter_tools/src/commands/attach.dart:414:31)
<asynchronous suspension>
#11     AttachCommand.runCommand (package:flutter_tools/src/commands/attach.dart:262:5)
<asynchronous suspension>
#12     FlutterCommand.run.<anonymous closure> (package:flutter_tools/src/runner/flutter_command.dart:1581:27)
<asynchronous suspension>
#13     AppContext.run.<anonymous closure> (package:flutter_tools/src/base/context.dart:154:19)
<asynchronous suspension>
#14     CommandRunner.runCommand (package:args/command_runner.dart:212:13)
<asynchronous suspension>
#15     FlutterCommandRunner.runCommand.<anonymous closure> (package:flutter_tools/src/runner/flutter_command_runner.dart:503:9)
<asynchronous suspension>
#16     AppContext.run.<anonymous closure> (package:flutter_tools/src/base/context.dart:154:19)
<asynchronous suspension>
#17     FlutterCommandRunner.runCommand (package:flutter_tools/src/runner/flutter_command_runner.dart:438:5)
<asynchronous suspension>
#18     run.<anonymous closure>.<anonymous closure> (package:flutter_tools/runner.dart:98:11)
<asynchronous suspension>
#19     AppContext.run.<anonymous closure> (package:flutter_tools/src/base/context.dart:154:19)
<asynchronous suspension>
#20     main (package:flutter_tools/executable.dart:101:3)
<asynchronous suspension>
```

## flutter doctor

```
[32m[✓][39m Flutter (Channel stable, 3.35.4, on macOS 26.2 25C56 darwin-arm64, locale en-IN) [1,244ms]
    [32m•[39m Flutter version 3.35.4 on channel stable at /Users/babusaheb/Documents/flutterSdk/flutter
    [32m•[39m Upstream repository https://github.com/flutter/flutter.git
    [32m•[39m Framework revision d693b4b9db (5 months ago), 2025-09-16 14:27:41 +0000
    [32m•[39m Engine revision c298091351
    [32m•[39m Dart version 3.9.2
    [32m•[39m DevTools version 2.48.0
    [32m•[39m Feature flags: enable-web, enable-linux-desktop, enable-macos-desktop, enable-windows-desktop,
      enable-android, enable-ios, cli-animations, enable-lldb-debugging

[32m[✓][39m Android toolchain - develop for Android devices (Android SDK version 36.1.0) [3.3s]
    [32m•[39m Android SDK at /Users/babusaheb/Library/Android/sdk
    [32m•[39m Emulator version 36.3.10.0 (build_id 14472402) (CL:N/A)
    [32m•[39m Platform android-36, build-tools 36.1.0
    [32m•[39m ANDROID_HOME = /Users/babusaheb/Library/Android/sdk
    [32m•[39m ANDROID_SDK_ROOT = /Users/babusaheb/Library/Android/sdk
    [32m•[39m Java binary at: /Applications/Android Studio.app/Contents/jbr/Contents/Home/bin/java
      This JDK is specified in your Flutter configuration.
      To change the current JDK, run: `flutter config --jdk-dir="path/to/jdk"`.
    [32m•[39m Java version OpenJDK Runtime Environment (build 21.0.8+-14196175-b1038.72)
    [32m•[39m All Android licenses accepted.

[32m[✓][39m Xcode - develop for iOS and macOS (Xcode 26.0) [3.1s]
    [32m•[39m Xcode at /Applications/Xcode.app/Contents/Developer
    [32m•[39m Build 17A324
    [32m•[39m CocoaPods version 1.16.2

[32m[✓][39m Chrome - develop for the web [3ms]
    [32m•[39m Chrome at /Applications/Google Chrome.app/Contents/MacOS/Google Chrome

[32m[✓][39m Android Studio (version 2025.2) [3ms]
    [32m•[39m Android Studio at /Applications/Android Studio.app/Contents
    [32m•[39m Flutter plugin can be installed from:
      🔨 https://plugins.jetbrains.com/plugin/9212-flutter
    [32m•[39m Dart plugin can be installed from:
      🔨 https://plugins.jetbrains.com/plugin/6351-dart
    [32m•[39m Java version OpenJDK Runtime Environment (build 21.0.8+-14196175-b1038.72)

[32m[✓][39m VS Code (version 1.105.1) [2ms]
    [32m•[39m VS Code at /Users/babusaheb/Downloads/Visual Studio Code.app/Contents
    [32m•[39m Flutter extension can be installed from:
      🔨 https://marketplace.visualstudio.com/items?itemName=Dart-Code.flutter

[32m[✓][39m Connected device (6 available) [6.9s]
    [32m•[39m CPH2061 (mobile)                • 192.168.1.8:41945                    • android-arm64  • Android
      11 (API 30)
    [32m•[39m CPH2061 (mobile)                • adb-aa83a044-2nzKwX                  • unsupported    • Android
      null (API null) (unsupported)
    [32m•[39m iPhone 16e (mobile)             • 74FE58FD-F5D9-42CF-947D-8F0017D37EC2 • ios            •
      com.apple.CoreSimulator.SimRuntime.iOS-26-0 (simulator)
    [32m•[39m macOS (desktop)                 • macos                                • darwin-arm64   • macOS
      26.2 25C56 darwin-arm64
    [32m•[39m Mac Designed for iPad (desktop) • mac-designed-for-ipad                • darwin         • macOS
      26.2 25C56 darwin-arm64
    [32m•[39m Chrome (web)                    • chrome                               • web-javascript • Google
      Chrome 144.0.7559.110

[32m[✓][39m Network resources [479ms]
    [32m•[39m All expected network resources are available.

[32m•[39m No issues found!
```
